0 info it worked if it ends with ok
1 verbose cli [ 'C:\\Program Files\\nodejs\\node.exe',
1 verbose cli   'C:\\Program Files\\nodejs\\node_modules\\npm\\bin\\npm-cli.js',
1 verbose cli   'run',
1 verbose cli   'build' ]
2 info using npm@3.10.10
3 info using node@v6.11.3
4 verbose run-script [ 'prebuild', 'build', 'postbuild' ]
5 info lifecycle minesweeper@1.0.0~prebuild: minesweeper@1.0.0
6 silly lifecycle minesweeper@1.0.0~prebuild: no script for prebuild, continuing
7 info lifecycle minesweeper@1.0.0~build: minesweeper@1.0.0
8 verbose lifecycle minesweeper@1.0.0~build: unsafe-perm in lifecycle true
9 verbose lifecycle minesweeper@1.0.0~build: PATH: C:\Program Files\nodejs\node_modules\npm\bin\node-gyp-bin;C:\Users\jbaio\Documents\CodecademyProjects\minesweeper\node_modules\.bin;C:\Users\jbaio\bin;C:\Program Files\Git\mingw64\bin;C:\Program Files\Git\usr\local\bin;C:\Program Files\Git\usr\bin;C:\Program Files\Git\usr\bin;C:\Program Files\Git\mingw64\bin;C:\Program Files\Git\usr\bin;C:\Users\jbaio\bin;C:\Program Files (x86)\iis express\PHP\v5.6;C:\Program Files (x86)\PHP\v7.1;C:\Program Files (x86)\Intel\iCLS Client;C:\Program Files\Intel\iCLS Client;C:\WINDOWS\system32;C:\WINDOWS;C:\WINDOWS\System32\Wbem;C:\WINDOWS\System32\WindowsPowerShell\v1.0;C:\Program Files (x86)\Intel\Intel(R) Management Engine Components\DAL;C:\Program Files\Intel\Intel(R) Management Engine Components\DAL;C:\Program Files (x86)\Intel\Intel(R) Management Engine Components\IPT;C:\Program Files\Intel\Intel(R) Management Engine Components\IPT;C:\Program Files\Microsoft SQL Server\Client SDK\ODBC\110\Tools\Binn;C:\Program Files (x86)\Microsoft SQL Server\120\Tools\Binn;C:\Cygwin\bin";C:\Program Files\Microsoft SQL Server\120\Tools\Binn;C:\Program Files\Microsoft SQL Server\120\DTS\Binn;C:\Program Files (x86)\Microsoft SQL Server\120\Tools\Binn\ManagementStudio;C:\Program Files (x86)\Microsoft SQL Server\120\DTS\Binn;C:\Users\jbaio\.dnx\bin;C:\Program Files\Microsoft DNX\Dnvm;C:\Program Files\Microsoft SQL Server\130\Tools\Binn;C:\Program F;C:\Program Files (x86)\Microsoft SQL Server\110\DTS\Binn;C:\Program Files (x86)\Microsoft SQL Server\130\DTS\Binn;C:\Program Files (x86)\MySQL\MySQL Fabric 1.5 & MySQL Utilities 1.5;C:\Program Files (x86)\MySQL\MySQL Fabric 1.5 & MySQL Utilities 1.5\Doctrine extensions for PHP;C:\Program Files\Git\cmd;C:\Program Files\nodejs;C:\Users\jbaio\AppData\Local\Microsoft\WindowsApps;C:\Users\jbaio\AppData\Roaming\npm;C:\Program Files\Git\usr\bin\vendor_perl;C:\Program Files\Git\usr\bin\core_perl;D:\7_-_Virteom_Developer_Toolkit\bin-osx;C:\Program Files\Git\usr\local\sbin;C:\Program Files\Git\usr\local\sbin
10 verbose lifecycle minesweeper@1.0.0~build: CWD: C:\Users\jbaio\Documents\CodecademyProjects\minesweeper
11 silly lifecycle minesweeper@1.0.0~build: Args: [ '/d /s /c', 'babel src -d lib' ]
12 silly lifecycle minesweeper@1.0.0~build: Returned: code: 1  signal: null
13 info lifecycle minesweeper@1.0.0~build: Failed to exec build script
14 verbose stack Error: minesweeper@1.0.0 build: `babel src -d lib`
14 verbose stack Exit status 1
14 verbose stack     at EventEmitter.<anonymous> (C:\Program Files\nodejs\node_modules\npm\lib\utils\lifecycle.js:255:16)
14 verbose stack     at emitTwo (events.js:106:13)
14 verbose stack     at EventEmitter.emit (events.js:191:7)
14 verbose stack     at ChildProcess.<anonymous> (C:\Program Files\nodejs\node_modules\npm\lib\utils\spawn.js:40:14)
14 verbose stack     at emitTwo (events.js:106:13)
14 verbose stack     at ChildProcess.emit (events.js:191:7)
14 verbose stack     at maybeClose (internal/child_process.js:920:16)
14 verbose stack     at Process.ChildProcess._handle.onexit (internal/child_process.js:230:5)
15 verbose pkgid minesweeper@1.0.0
16 verbose cwd C:\Users\jbaio\Documents\CodecademyProjects\minesweeper\src
17 error Windows_NT 10.0.15063
18 error argv "C:\\Program Files\\nodejs\\node.exe" "C:\\Program Files\\nodejs\\node_modules\\npm\\bin\\npm-cli.js" "run" "build"
19 error node v6.11.3
20 error npm  v3.10.10
21 error code ELIFECYCLE
22 error minesweeper@1.0.0 build: `babel src -d lib`
22 error Exit status 1
23 error Failed at the minesweeper@1.0.0 build script 'babel src -d lib'.
23 error Make sure you have the latest version of node.js and npm installed.
23 error If you do, this is most likely a problem with the minesweeper package,
23 error not with npm itself.
23 error Tell the author that this fails on your system:
23 error     babel src -d lib
23 error You can get information on how to open an issue for this project with:
23 error     npm bugs minesweeper
23 error Or if that isn't available, you can get their info via:
23 error     npm owner ls minesweeper
23 error There is likely additional logging output above.
24 verbose exit [ 1, true ]
